Log file open, 05/01/17 10:14:38
LogInit:Display: Running engine for game: ElysianFields
LogPlatformFile: Not using cached read wrapper
LogInit:Display: RandInit(-719757491) SRandInit(-719757491).
LogTaskGraph: Started task graph with 5 named threads and 6 total threads with 1 sets of task threads.
LogStats: Stats thread started at 0.057223
LogInit: Using libcurl 7.47.1
LogInit:  - built for x86_64-pc-win32
LogInit:  - supports SSL with OpenSSL/1.0.2g
LogInit:  - supports HTTP deflate (compression) using libz 1.2.8
LogInit:  - other features:
LogInit:      CURL_VERSION_SSL
LogInit:      CURL_VERSION_LIBZ
LogInit:      CURL_VERSION_IPV6
LogInit:      CURL_VERSION_ASYNCHDNS
LogInit:      CURL_VERSION_LARGEFILE
LogInit:      CURL_VERSION_IDN
LogInit:  CurlRequestOptions (configurable via config and command line):
LogInit:  - bVerifyPeer = false  - Libcurl will NOT verify peer certificate
LogInit:  - bUseHttpProxy = false  - Libcurl will NOT use HTTP proxy
LogInit:  - bDontReuseConnections = false  - Libcurl will reuse connections
LogInit:  - CertBundlePath = nullptr  - Libcurl will use whatever was configured at build time.
LogInit: Build: ++UE4+Release-4.15-CL-3299760
LogInit: Engine Version: 4.15.0-3299760+++UE4+Release-4.15
LogInit: Compatible Engine Version: 4.15.0-3299760+++UE4+Release-4.15
LogInit: Net CL: 3299760
LogDevObjectVersion: Number of dev versions registered: 14
LogDevObjectVersion:   Dev-Blueprints (B0D832E4-1F89-4F0D-ACCF-7EB736FD4AA2): 8
LogDevObjectVersion:   Dev-Build (E1C64328-A22C-4D53-A36C-8E866417BD8C): 0
LogDevObjectVersion:   Dev-Core (375EC13C-06E4-48FB-B500-84F0262A717E): 2
LogDevObjectVersion:   Dev-Editor (E4B068ED-F494-42E9-A231-DA0B2E46BB41): 14
LogDevObjectVersion:   Dev-Framework (CFFC743F-43B0-4480-9391-14DF171D2073): 22
LogDevObjectVersion:   Dev-Mobile (B02B49B5-BB20-44E9-A304-32B752E40360): 0
LogDevObjectVersion:   Dev-Networking (A4E4105C-59A1-49B5-A7C5-40C4547EDFEE): 0
LogDevObjectVersion:   Dev-Online (39C831C9-5AE6-47DC-9A44-9C173E1C8E7C): 0
LogDevObjectVersion:   Dev-Physics (78F01B33-EBEA-4F98-B9B4-84EACCB95AA2): 0
LogDevObjectVersion:   Dev-Platform (6631380F-2D4D-43E0-8009-CF276956A95A): 0
LogDevObjectVersion:   Dev-Rendering (12F88B9F-8875-4AFC-A67C-D90C383ABD29): 12
LogDevObjectVersion:   Dev-Sequencer (7B5AE74C-D270-4C10-A958-57980B212A5A): 3
LogDevObjectVersion:   Dev-VR (D7296918-1DD6-4BDD-9DE2-64A83CC13884): 0
LogDevObjectVersion:   Dev-LoadTimes (C2A15278-BFE7-4AFE-6C17-90FF531DF755): 1
LogInit: Compiled (64-bit): Feb 14 2017 02:04:14
LogInit: Compiled with Visual C++: 19.00.23026.00
LogInit: Build Configuration: Development
LogInit: Branch Name: ++UE4+Release-4.15
LogInit: Command line:  
LogInit: Base directory: C:/Program Files/Epic Games/UE_4.15/Engine/Binaries/Win64/
LogInit: Installed Engine Build: 1
LogInit: Presizing for max 8388607 objects, including 0 objects not considered by GC, pre-allocating 0 bytes for permanent pool.
LogInit: Object subsystem initialized
[2017.05.01-17.14.39:568][  0]LogInit: Selected Device Profile: [Windows]
[2017.05.01-17.14.39:568][  0]LogInit: Applying CVar settings loaded from the selected device profile: [Windows]
[2017.05.01-17.14.39:577][  0]LogInit: Computer: DESKTOP-PR3U7DC
[2017.05.01-17.14.39:577][  0]LogInit: User: Admin
[2017.05.01-17.14.39:577][  0]LogInit: CPU Page size=65536, Cores=2
[2017.05.01-17.14.39:577][  0]LogInit: High frequency timer resolution =2.531250 MHz
[2017.05.01-17.14.39:577][  0]LogMemory: Memory total: Physical=7.9GB (8GB approx)
[2017.05.01-17.14.39:578][  0]LogMemory: Platform Memory Stats for Windows
[2017.05.01-17.14.39:578][  0]LogMemory: Process Physical Memory: 262.35 MB used, 262.35 MB peak
[2017.05.01-17.14.39:578][  0]LogMemory: Process Virtual Memory: 262.20 MB used, 262.20 MB peak
[2017.05.01-17.14.39:578][  0]LogMemory: Physical Memory: 2630.49 MB used,  5440.92 MB free, 8071.41 MB total
[2017.05.01-17.14.39:578][  0]LogMemory: Virtual Memory: 642.32 MB used,  5440.92 MB free, 134217728.00 MB total
[2017.05.01-17.14.39:663][  0]LogTextLocalizationManager: No specific translations for ('en-US') exist, so ('en') translations will be used.
[2017.05.01-17.14.40:314][  0]LogD3D11RHI: D3D11 adapters:
[2017.05.01-17.14.40:324][  0]LogD3D11RHI:    0. 'Intel(R) HD Graphics 520' (Feature Level 11_0)
[2017.05.01-17.14.40:324][  0]LogD3D11RHI:       128/0/3988 MB DedicatedVideo/DedicatedSystem/SharedSystem, Outputs:1, VendorId:0x8086
[2017.05.01-17.14.40:326][  0]LogD3D11RHI:    1. 'Microsoft Basic Render Driver' (Feature Level 11_0)
[2017.05.01-17.14.40:326][  0]LogD3D11RHI:       0/0/3988 MB DedicatedVideo/DedicatedSystem/SharedSystem, Outputs:0, VendorId:0x1414
[2017.05.01-17.14.40:326][  0]LogD3D11RHI: Chosen D3D11 Adapter: 0
[2017.05.01-17.14.40:330][  0]LogD3D11RHI: Creating new Direct3DDevice
[2017.05.01-17.14.40:330][  0]LogD3D11RHI:     GPU DeviceId: 0x1916 (for the marketing name, search the web for "GPU Device Id")
[2017.05.01-17.14.40:330][  0]LogWindows: EnumDisplayDevices:
[2017.05.01-17.14.40:330][  0]LogWindows:    0. 'Intel(R) HD Graphics 520' (P:1 D:1)
[2017.05.01-17.14.40:331][  0]LogWindows:    1. 'Intel(R) HD Graphics 520' (P:0 D:0)
[2017.05.01-17.14.40:331][  0]LogWindows:    2. 'Intel(R) HD Graphics 520' (P:0 D:0)
[2017.05.01-17.14.40:331][  0]LogWindows: DebugString: FoundDriverCount:3 
[2017.05.01-17.14.40:331][  0]LogD3D11RHI:     Adapter Name: Intel(R) HD Graphics 520
[2017.05.01-17.14.40:331][  0]LogD3D11RHI:   Driver Version: 20.19.15.4326 (internal:20.19.15.4326, unified:20.19.15.4326)
[2017.05.01-17.14.40:331][  0]LogD3D11RHI:      Driver Date: 11-18-2015
[2017.05.01-17.14.40:331][  0]LogRHI: Texture pool is 1361 MB (70% of 1945 MB)
[2017.05.01-17.14.40:338][  0]LogD3D11RHI: Async texture creation enabled
[2017.05.01-17.14.40:345][  0]LogD3D11RHI: GPU Timing Frequency: 12.000000 (Debug: 2 0)
[2017.05.01-17.14.40:346][  0]LogShaderCompilers: Guid format shader working directory is -25 characters bigger than the processId version (../../../../../../Users/Admin/Desktop/INDIVIDUAL PROJECT/Elysian-Fields/Intermediate/Shaders/WorkingDirectory/2156/).
[2017.05.01-17.14.40:346][  0]LogShaderCompilers: Cleaned the shader compiler working directory 'C:/Users/Admin/AppData/Local/Temp/UnrealShaderWorkingDir/2DA6C9A6452577EE83BC9088937A03F1/'.
[2017.05.01-17.14.40:346][  0]LogShaderCompilers:Display: Using Local Shader Compiler.
[2017.05.01-17.14.41:404][  0]LogTemp:Display: Loaded TP AllDesktopTargetPlatform
[2017.05.01-17.14.41:460][  0]LogTemp:Display: Loaded TP MacClientTargetPlatform
[2017.05.01-17.14.41:514][  0]LogTemp:Display: Loaded TP MacNoEditorTargetPlatform
[2017.05.01-17.14.41:568][  0]LogTemp:Display: Loaded TP MacServerTargetPlatform
[2017.05.01-17.14.41:622][  0]LogTemp:Display: Loaded TP MacTargetPlatform
[2017.05.01-17.14.41:676][  0]LogTemp:Display: Loaded TP WindowsClientTargetPlatform
[2017.05.01-17.14.41:729][  0]LogTemp:Display: Loaded TP WindowsNoEditorTargetPlatform
[2017.05.01-17.14.41:784][  0]LogTemp:Display: Loaded TP WindowsServerTargetPlatform
[2017.05.01-17.14.41:828][  0]LogTemp:Display: Loaded TP WindowsTargetPlatform
[2017.05.01-17.14.41:881][  0]LogTemp:Display: Loaded TP AndroidTargetPlatform
[2017.05.01-17.14.41:933][  0]LogTemp:Display: Loaded TP Android_ASTCTargetPlatform
[2017.05.01-17.14.41:987][  0]LogTemp:Display: Loaded TP Android_ATCTargetPlatform
[2017.05.01-17.14.42:041][  0]LogTemp:Display: Loaded TP Android_DXTTargetPlatform
[2017.05.01-17.14.42:093][  0]LogTemp:Display: Loaded TP Android_ETC1TargetPlatform
[2017.05.01-17.14.42:149][  0]LogTemp:Display: Loaded TP Android_ETC2TargetPlatform
[2017.05.01-17.14.42:258][  0]LogTemp:Display: Loaded TP Android_MultiTargetPlatform
[2017.05.01-17.14.42:258][  0]LogTemp:Display: Loaded TP Android_PVRTCTargetPlatform
[2017.05.01-17.14.42:296][  0]LogTemp:Display: Loaded TP HTML5TargetPlatform
[2017.05.01-17.14.42:395][  0]LogTemp:Display: Loaded TP IOSTargetPlatform
[2017.05.01-17.14.42:432][  0]LogTemp:Display: Loaded TP TVOSTargetPlatform
[2017.05.01-17.14.42:485][  0]LogTemp:Display: Loaded TP LinuxClientTargetPlatform
[2017.05.01-17.14.42:537][  0]LogTemp:Display: Loaded TP LinuxNoEditorTargetPlatform
[2017.05.01-17.14.42:590][  0]LogTemp:Display: Loaded TP LinuxServerTargetPlatform
[2017.05.01-17.14.42:642][  0]LogTemp:Display: Loaded TP LinuxTargetPlatform
[2017.05.01-17.14.42:642][  0]LogTargetPlatformManager:Display: Building Assets For Windows
[2017.05.01-17.14.43:078][  0]LogDerivedDataCache:Display: Max Cache Size: 512 MB
[2017.05.01-17.14.43:128][  0]LogDerivedDataCache: Loaded boot cache 0.05s 50MB C:/Users/Admin/AppData/Local/UnrealEngine/4.15/DerivedDataCache/Boot.ddc.
[2017.05.01-17.14.43:128][  0]LogDerivedDataCache:Display: Loaded Boot cache: C:/Users/Admin/AppData/Local/UnrealEngine/4.15/DerivedDataCache/Boot.ddc
[2017.05.01-17.14.43:129][  0]LogDerivedDataCache: FDerivedDataBackendGraph:  Pak pak cache file ../../../../../../Users/Admin/Desktop/INDIVIDUAL PROJECT/Elysian-Fields/DerivedDataCache/DDC.ddp not found, will not use a pak cache.
[2017.05.01-17.14.43:129][  0]LogDerivedDataCache: Unable to find inner node Pak for hierarchical cache Hierarchy.
[2017.05.01-17.14.43:129][  0]LogDerivedDataCache: FDerivedDataBackendGraph:  CompressedPak pak cache file ../../../../../../Users/Admin/Desktop/INDIVIDUAL PROJECT/Elysian-Fields/DerivedDataCache/Compressed.ddp not found, will not use a pak cache.
[2017.05.01-17.14.43:129][  0]LogDerivedDataCache: Unable to find inner node CompressedPak for hierarchical cache Hierarchy.
[2017.05.01-17.14.43:148][  0]LogDerivedDataCache:Display: Pak cache opened for reading ../../../Engine/DerivedDataCache/Compressed.ddp.
[2017.05.01-17.14.43:161][  0]LogDerivedDataCache: Using Local data cache path C:/Users/Admin/AppData/Local/UnrealEngine/Common/DerivedDataCache: Writable
[2017.05.01-17.14.43:170][  0]LogSlate: Using Freetype 2.6.0
[2017.05.01-17.14.43:171][  0]LogSlate: SlateFontCache - WITH_FREETYPE: 1, WITH_HARFBUZZ: 1
[2017.05.01-17.14.43:171][  0]LogSlate: SlateFontCache - WITH_FREETYPE: 1, WITH_HARFBUZZ: 1
[2017.05.01-17.14.43:412][  0]LogInit: Selected Device Profile: [Windows]
[2017.05.01-17.14.43:414][  0]LogContentStreaming: Texture pool size is 0.00 MB
[2017.05.01-17.14.43:616][  0]LogMeshUtilities: Using QuadricMeshReduction for automatic static mesh reduction
[2017.05.01-17.14.43:659][  0]LogSimplygon: Simplygon DLL not present - disabling.
[2017.05.01-17.14.43:704][  0]LogMeshUtilities: Using SimplygonSwarm for distributed automatic mesh merging
[2017.05.01-17.14.43:704][  0]LogMeshUtilities: No automatic skeletal mesh reduction module available
[2017.05.01-17.14.43:704][  0]LogMeshUtilities: No automatic mesh merging module available
[2017.05.01-17.14.44:252][  0]LogNetVersion: GetLocalNetworkVersion: CL: 3299760, ProjectName: elysianfields, ProjectVersion: , EngineNetworkVersion: 2, GameNetworkVersion: 0, NetworkChecksum: 3863033362
[2017.05.01-17.14.44:298][  0]LogAssetRegistry: FAssetRegistry took 0.0213 seconds to start up
[2017.05.01-17.14.44:351][  0]LogPackageLocalizationCache: Processed 3 localized package path(s) for 2 prioritized culture(s) in 0.026915 seconds
[2017.05.01-17.14.44:357][  0]LogUObjectArray: 32475 objects as part of root set at end of initial load.
[2017.05.01-17.14.44:357][  0]LogUObjectAllocator: 7073360 out of 0 bytes used by permanent object pool.
[2017.05.01-17.14.44:357][  0]LogUObjectArray: CloseDisregardForGC: 0/0 objects in disregard for GC pool
[2017.05.01-17.14.44:421][  0]LogInit: WinSock: version 1.1 (2.2), MaxSocks=32767, MaxUdp=65467
[2017.05.01-17.14.46:163][  0]LogTcpMessaging: Initializing TcpMessaging bridge
[2017.05.01-17.14.46:202][  0]LogUdpMessaging: Initializing bridge on interface 0.0.0.0:0 to multicast group 230.0.0.1:6666.
[2017.05.01-17.14.46:679][  0]LogMaterial: Uniform references updated for custom material expression Custom.
[2017.05.01-17.14.47:044][  0]SourceControl: Info Source control is disabled
[2017.05.01-17.14.48:753][  0]LogEngine: Initializing Engine...
[2017.05.01-17.14.48:753][  0]LogHMD: Failed to initialize OpenVR with code 110
[2017.05.01-17.14.48:979][  0]LogAIModule: Creating AISystem for world Untitled
[2017.05.01-17.14.48:988][  0]LogInit: XAudio2 using 'Speakers (Realtek High Definition Audio)' : 2 channels at 48 kHz using 32 bits per sample (channel mask 0x3)
[2017.05.01-17.14.49:016][  0]LogInit: FAudioDevice initialized.
[2017.05.01-17.14.49:046][  0]LogDerivedDataCache: Saved boot cache 0.03s 50MB C:/Users/Admin/AppData/Local/UnrealEngine/4.15/DerivedDataCache/Boot.ddc.
[2017.05.01-17.14.49:049][  0]LogInit: Texture streaming: Enabled
[2017.05.01-17.14.49:147][  0]LogEngineSessionManager: EngineSessionManager initialized
[2017.05.01-17.14.49:234][  0]LogInit: Transaction tracking system initialized
[2017.05.01-17.14.49:574][  0]BlueprintLog: New page: Editor Load
[2017.05.01-17.14.50:448][  0]LocalizationService: Info Localization service is disabled
[2017.05.01-17.14.51:129][  0]LogConsoleResponse:Display: 
[2017.05.01-17.14.51:267][  0]LogCook:Display: Max memory allowance for cook 16384mb min free memory 0mb
[2017.05.01-17.14.51:267][  0]LogCook:Display: Mobile HDR setting 1
[2017.05.01-17.14.51:713][  0]LogFileCache: Scanning file cache for directory 'C:/Users/Admin/Desktop/INDIVIDUAL PROJECT/Elysian-Fields/Content/' took 0.02s
[2017.05.01-17.14.52:408][  0]Cmd: MAP LOAD FILE="../../../Engine/Content/Maps/Templates/Template_Default.umap" TEMPLATE=1 SHOWPROGRESS=1 FEATURELEVEL=3
[2017.05.01-17.14.52:408][  0]LightingResults: New page: Lighting Build
[2017.05.01-17.14.52:448][  0]MapCheck: New page: Map Check
[2017.05.01-17.14.52:448][  0]LightingResults: New page: Lighting Build
[2017.05.01-17.14.52:652][  0]LogAIModule: Creating AISystem for world Untitled_1
[2017.05.01-17.14.52:652][  0]LogActorComponent: RegisterComponentWithWorld: (/Temp/Untitled_1.Untitled_1:PersistentLevel.WorldSettings_1.StaticMeshComponent0) Trying to register component with IsPendingKill() == true. Aborting.
[2017.05.01-17.14.52:658][  0]LogEditorServer: Finished looking for orphan Actors (0.000 secs)
[2017.05.01-17.14.52:670][  0]Cmd: MAP CHECKDEP NOCLEARLOG
[2017.05.01-17.14.52:709][  0]MapCheck: Info Map check complete: 0 Error(s), 0 Warning(s), took 38.969ms to complete.
[2017.05.01-17.14.52:710][  0]LogFileHelpers: Loading map 'Template_Default' took 0.302
[2017.05.01-17.14.52:772][  0]LogWindowsTextInputMethodSystem:Display: IME system now deactivated.
[2017.05.01-17.14.52:772][  0]LogWindowsTextInputMethodSystem:Display: IME system now deactivated.
[2017.05.01-17.14.52:947][  0]LogCollectionManager: Loaded 0 collections in 0.002290 seconds
[2017.05.01-17.14.53:038][  0]LogFileCache: Scanning file cache for directory 'C:/Users/Admin/Desktop/INDIVIDUAL PROJECT/Elysian-Fields/Saved/Collections/' took 0.01s
[2017.05.01-17.14.53:038][  0]LogFileCache: Scanning file cache for directory 'C:/Users/Admin/Desktop/INDIVIDUAL PROJECT/Elysian-Fields/Content/Developers/Admin/Collections/' took 0.01s
[2017.05.01-17.14.53:038][  0]LogFileCache: Scanning file cache for directory 'C:/Users/Admin/Desktop/INDIVIDUAL PROJECT/Elysian-Fields/Content/Collections/' took 0.01s
[2017.05.01-17.14.53:039][  0]LogCollectionManager: Rebuilt the GUID cache for 0 collections in 0.000002 seconds
[2017.05.01-17.14.53:047][  0]LogContentBrowser: Native class hierarchy populated in 0.0087 seconds. Added 2244 classes and 450 folders.
[2017.05.01-17.14.53:051][  0]LogStats: UGameplayTagsManager::ConstructGameplayTagTree: Construct from data asset -  0.000 s
[2017.05.01-17.14.53:051][  0]LogStats: UGameplayTagsManager::ConstructGameplayTagTree: GameplayTagTreeChangedEvent.Broadcast -  0.000 s
[2017.05.01-17.14.53:119][  0]LogContentBrowser: Native class hierarchy updated for 'WidgetCarousel' in 0.0005 seconds. Added 0 classes and 0 folders.
[2017.05.01-17.14.53:154][  0]LogContentBrowser: Native class hierarchy updated for 'AddContentDialog' in 0.0005 seconds. Added 0 classes and 0 folders.
[2017.05.01-17.14.53:198][  0]LogContentBrowser: Native class hierarchy updated for 'SceneOutliner' in 0.0005 seconds. Added 1 classes and 2 folders.
[2017.05.01-17.14.53:296][  0]LogCrashTracker: Crashtracker disabled due to settings.
[2017.05.01-17.14.53:302][  0]LogUObjectGlobals:Warning: Failed to find object 'Class None.'
[2017.05.01-17.14.53:370][  0]LogContentBrowser: Native class hierarchy updated for 'HierarchicalLODOutliner' in 0.0006 seconds. Added 1 classes and 2 folders.
[2017.05.01-17.14.53:370][  0]LogLoad: (Engine Initialization) Total time: 15.41 seconds
[2017.05.01-17.14.53:370][  0]LogLoad: (Engine Initialization) Total Blueprint compile time: 0.08 seconds
[2017.05.01-17.14.53:370][  0]LogExternalProfiler: No external profilers were discovered.  External profiling features will not be available.
[2017.05.01-17.14.53:389][  0]LogOcInput: OculusInput pre-init called
[2017.05.01-17.14.53:407][  0]SourceControl: Info On branch Zachary
[2017.05.01-17.14.53:407][  0]SourceControl: Info Your branch is up-to-date with 'origin/Zachary'.
[2017.05.01-17.14.53:407][  0]SourceControl: Info Changes to be committed:
[2017.05.01-17.14.53:408][  0]SourceControl: Info   (use "git reset HEAD <file>..." to unstage)
[2017.05.01-17.14.53:408][  0]SourceControl: Info 	new file:   Content/Maps/ZachsTestLevel.umap
[2017.05.01-17.14.53:408][  0]SourceControl: Info 	deleted:    Content/ZachsGameStuff/Spawner.uasset
[2017.05.01-17.14.53:408][  0]SourceControl: Info 	modified:   Content/ZachsGameStuff/SpawnerTest.uasset
[2017.05.01-17.14.53:408][  0]SourceControl: Info 	new file:   Content/ZachsGameStuff/Zach_s_Assets/Rock.uasset
[2017.05.01-17.14.53:408][  0]SourceControl: Info 	modified:   Content/ZachsTestLevel.umap
[2017.05.01-17.14.53:408][  0]SourceControl: Info 	modified:   Intermediate/CachedAssetRegistry.bin
[2017.05.01-17.14.53:408][  0]SourceControl: Info 	modified:   Intermediate/Config/CoalescedSourceConfigs/Input.ini
[2017.05.01-17.14.53:408][  0]SourceControl: Info 	modified:   Saved/AutoScreenshot.png
[2017.05.01-17.14.53:408][  0]SourceControl: Info 	modified:   Saved/Config/Windows/Editor.ini
[2017.05.01-17.14.53:408][  0]SourceControl: Info 	modified:   Saved/Config/Windows/EditorPerProjectUserSettings.ini
[2017.05.01-17.14.53:408][  0]SourceControl: Info 	modified:   Saved/Config/Windows/Engine.ini
[2017.05.01-17.14.53:408][  0]SourceControl: Info 	modified:   Saved/Logs/ElysianFields.log
[2017.05.01-17.14.53:408][  0]SourceControl: Info Changes not staged for commit:
[2017.05.01-17.14.53:408][  0]SourceControl: Info   (use "git add/rm <file>..." to update what will be committed)
[2017.05.01-17.14.53:408][  0]SourceControl: Info   (use "git checkout -- <file>..." to discard changes in working directory)
[2017.05.01-17.14.53:408][  0]SourceControl: Info 	modified:   Content/FirstPersonBP/Blueprints/FirstPersonCharacter.uasset
[2017.05.01-17.14.53:408][  0]SourceControl: Info 	modified:   Content/FirstPersonBP/Blueprints/FirstPersonGameMode.uasset
[2017.05.01-17.14.53:408][  0]SourceControl: Info 	modified:   Content/Maps/ZachsTestLevel.umap
[2017.05.01-17.14.53:408][  0]SourceControl: Info 	deleted:    Content/ZachsTestLevel.umap
[2017.05.01-17.14.53:408][  0]SourceControl: Info 	modified:   Intermediate/CachedAssetRegistry.bin
[2017.05.01-17.14.53:408][  0]SourceControl: Info 	modified:   Intermediate/Config/CoalescedSourceConfigs/Input.ini
[2017.05.01-17.14.53:408][  0]SourceControl: Info 	modified:   Saved/AutoScreenshot.png
[2017.05.01-17.14.53:408][  0]SourceControl: Info 	modified:   Saved/Config/Windows/EditorPerProjectUserSettings.ini
[2017.05.01-17.14.53:408][  0]SourceControl: Info 	modified:   Saved/Logs/ElysianFields.log
[2017.05.01-17.14.53:408][  0]SourceControl: Info Untracked files:
[2017.05.01-17.14.53:408][  0]SourceControl: Info   (use "git add <file>..." to include in what will be committed)
[2017.05.01-17.14.53:408][  0]SourceControl: Info 	Content/ZachsGameStuff/Zach_s_Assets/FLASHLIGHT.uasset
[2017.05.01-17.14.53:408][  0]SourceControl: Info 	Content/ZachsGameStuff/Zach_s_Textures/
[2017.05.01-17.14.53:408][  0]SourceControl: Info 	Content/ZachsGameStuff/ZachsBlueprints/flashlightInventPickupBP.uasset
[2017.05.01-17.14.53:408][  0]SourceControl: Info 	Content/ZachsGameStuff/ZachsBlueprints/playerHudClass.uasset
[2017.05.01-17.14.53:408][  0]SourceControl: Info 	Content/ZachsGameStuff/ZachsBlueprints/playerInventory.uasset
[2017.05.01-17.14.53:408][  0]SourceControl: Info 	Content/ZachsGameStuff/ZachsBlueprints/playerStatsWidget.uasset
[2017.05.01-17.14.53:408][  0]LogContentStreaming: Texture pool size now 1000 MB
[2017.05.01-17.14.53:409][  0]LogSlate: Took 0.000231 seconds to synchronously load lazily loaded font '../../../Engine/Content/Slate/Fonts/Roboto-Regular.ttf' (155K)
[2017.05.01-17.14.53:413][  0]LogSlate: Took 0.000241 seconds to synchronously load lazily loaded font '../../../Engine/Content/Slate/Fonts/Roboto-Bold.ttf' (160K)
[2017.05.01-17.14.53:418][  0]LogSlate: Took 0.000226 seconds to synchronously load lazily loaded font '../../../Engine/Content/Editor/Slate/Fonts/FontAwesome.ttf' (139K)
[2017.05.01-17.14.53:548][  0]LogRenderer: Reallocating scene render targets to support 804x280 NumSamples 1 (Frame:2).
[2017.05.01-17.14.54:207][  1]LogAssetRegistry: Asset discovery search completed in 9.9304 seconds
[2017.05.01-17.14.54:207][  1]LogCollectionManager: Rebuilt the object cache for 0 collections in 0.000008 seconds (found 0 objects)
[2017.05.01-17.14.54:207][  1]LogCollectionManager: Fixed up redirectors for 0 collections in 0.000030 seconds (updated 0 objects)
[2017.05.01-17.14.57:105][134]LogSlate: Took 0.000200 seconds to synchronously load lazily loaded font '../../../Engine/Content/Slate/Fonts/Roboto-Light.ttf' (159K)
[2017.05.01-17.15.00:316][284]LogSlate: Took 0.000704 seconds to synchronously load lazily loaded font '../../../Engine/Content/Slate/Fonts/Roboto-Light.ttf' (159K)
[2017.05.01-17.15.00:624][284]LogAIModule: Creating AISystem for world ZachsTestLevel
[2017.05.01-17.15.00:878][284]Cmd: MAP LOAD FILE="../../../../../../Users/Admin/Desktop/INDIVIDUAL PROJECT/Elysian-Fields/Content/Maps/ZachsTestLevel.umap" TEMPLATE=0 SHOWPROGRESS=1 FEATURELEVEL=3
[2017.05.01-17.15.00:878][284]LightingResults: New page: Lighting Build
[2017.05.01-17.15.00:879][284]LoadErrors: New page: Loading map: ZachsTestLevel.umap
[2017.05.01-17.15.00:880][284]MapCheck: New page: Map Check
[2017.05.01-17.15.00:880][284]LightingResults: New page: Lighting Build
[2017.05.01-17.15.01:300][284]LogEditorServer: Finished looking for orphan Actors (0.000 secs)
[2017.05.01-17.15.01:324][284]Cmd: MAP CHECKDEP NOCLEARLOG
[2017.05.01-17.15.01:364][284]MapCheck: Info Map check complete: 0 Error(s), 0 Warning(s), took 39.416ms to complete.
[2017.05.01-17.15.01:364][284]LogFileHelpers: Loading map 'ZachsTestLevel' took 0.487
[2017.05.01-17.15.36:008][477]LogSlate: Took 0.000136 seconds to synchronously load lazily loaded font '../../../Engine/Content/Slate/Fonts/Roboto-Regular.ttf' (155K)
[2017.05.01-17.15.36:161][477]LogSavePackage: Save=1441.09ms
[2017.05.01-17.15.36:161][477]LogSavePackage: Moving '../../../../../../Users/Admin/Desktop/INDIVIDUAL PROJECT/Elysian-Fields/Saved/ZachsTestLevel41ABAAFA4055DD0384C464AD725DED7F.tmp' to '../../../../../../Users/Admin/Desktop/INDIVIDUAL PROJECT/Elysian-Fields/Content/Maps/ZachsTestLevel.umap'
[2017.05.01-17.15.36:165][477]LogSavePackage:Display: Finished SavePackage ../../../../../../Users/Admin/Desktop/INDIVIDUAL PROJECT/Elysian-Fields/Content/Maps/ZachsTestLevel.umap
[2017.05.01-17.15.38:997][608]SourceControl: Info fatal: C:/Program Files/Epic Games/UE_4.15/Engine/Content/: 'C:/Program Files/Epic Games/UE_4.15/Engine/Content/' is outside repository
[2017.05.01-17.15.39:129][608]LogPackageName:Error: Illegal call to DoesPackageExist: '../../../../../../Users/Admin/Desktop/INDIVIDUAL PROJECT/Elysian-Fields/ElysianFields.uproject' is not a standard unreal filename or a long path name. Reason: Path should be no less than 4 characters long.
[2017.05.01-17.15.39:231][608]LogStats: FPlatformStackWalk::StackWalkAndDump -  0.101 s
[2017.05.01-17.15.39:231][608]LogOutputDevice:Error: === Handled ensure: ===
[2017.05.01-17.15.39:231][608]LogOutputDevice:Error: 
[2017.05.01-17.15.39:231][608]LogOutputDevice:Error: Ensure condition failed: false [File:D:\Build\++UE4+Release-4.15+Compile\Sync\Engine\Source\Runtime\CoreUObject\Private\Misc\PackageName.cpp] [Line: 650]
[2017.05.01-17.15.39:231][608]LogOutputDevice:Error: Illegal call to DoesPackageExist: '../../../../../../Users/Admin/Desktop/INDIVIDUAL PROJECT/Elysian-Fields/ElysianFields.uproject' is not a standard unreal filename or a long path name. Reason: Path should be no less than 4 characters long.
[2017.05.01-17.15.39:231][608]LogOutputDevice:Error: Stack: 
[2017.05.01-17.15.39:231][608]LogOutputDevice:Error: UE4Editor-Core.dll!0x000000009EEE95D6
[2017.05.01-17.15.39:231][608]LogOutputDevice:Error: UE4Editor-Core.dll!0x000000009EC99B72
[2017.05.01-17.15.39:231][608]LogOutputDevice:Error: UE4Editor-Core.dll!0x000000009ECAB656
[2017.05.01-17.15.39:231][608]LogOutputDevice:Error: UE4Editor-CoreUObject.dll!0x00000000A0FBA6B8
[2017.05.01-17.15.39:231][608]LogOutputDevice:Error: UE4Editor-SourceControl.dll!0x00000000A50B3D22
[2017.05.01-17.15.39:231][608]LogOutputDevice:Error: UE4Editor-SourceControl.dll!0x00000000A50B3EB9
[2017.05.01-17.15.39:231][608]LogOutputDevice:Error: UE4Editor-SourceControlWindows.dll!0x0000000093761D2E
[2017.05.01-17.15.39:231][608]LogOutputDevice:Error: UE4Editor-SourceControlWindows.dll!0x000000009371B4B5
[2017.05.01-17.15.39:231][608]LogOutputDevice:Error: UE4Editor-SourceControlWindows.dll!0x000000009371AA8D
[2017.05.01-17.15.39:231][608]LogOutputDevice:Error: UE4Editor-SourceControlWindows.dll!0x000000009372F274
[2017.05.01-17.15.39:231][608]LogOutputDevice:Error: UE4Editor-GitSourceControl.dll!0x000000008CB9B851
[2017.05.01-17.15.39:231][608]LogOutputDevice:Error: UE4Editor-GitSourceControl.dll!0x000000008CBAD1ED
[2017.05.01-17.15.39:231][608]LogOutputDevice:Error: UE4Editor-SourceControl.dll!0x00000000A50B9C5C
[2017.05.01-17.15.39:231][608]LogOutputDevice:Error: UE4Editor-UnrealEd.dll!0x0000000098417517
[2017.05.01-17.15.39:231][608]LogOutputDevice:Error: UE4Editor-UnrealEd.dll!0x0000000098C21AD6
[2017.05.01-17.15.39:231][608]LogOutputDevice:Error: UE4Editor.exe!0x0000000098A8DEE3
[2017.05.01-17.15.39:231][608]LogOutputDevice:Error: UE4Editor.exe!0x0000000098A7EB40
[2017.05.01-17.15.39:231][608]LogOutputDevice:Error: UE4Editor.exe!0x0000000098A7EBBA
[2017.05.01-17.15.39:231][608]LogOutputDevice:Error: UE4Editor.exe!0x0000000098A90A29
[2017.05.01-17.15.39:231][608]LogOutputDevice:Error: UE4Editor.exe!0x0000000098A922B6
[2017.05.01-17.15.39:231][608]LogOutputDevice:Error: KERNEL32.DLL!0x00000000D06B8364
[2017.05.01-17.15.39:231][608]LogOutputDevice:Error: ntdll.dll!0x00000000D1F270D1
[2017.05.01-17.15.39:231][608]LogOutputDevice:Error: 
[2017.05.01-17.15.39:236][608]LogStats:                SubmitErrorReport -  0.000 s
[2017.05.01-17.15.39:415][608]LogStats:                    SendNewReport -  0.179 s
[2017.05.01-17.15.39:415][608]LogStats:             FDebug::EnsureFailed -  0.286 s
[2017.05.01-17.16.18:502][608]LogSourceControl: FGitCheckInWorker: commit successful
[2017.05.01-17.16.18:545][608]SourceControl: Info [Zachary dee3d4e] I fixed my test level.  It was missing for some reason.
[2017.05.01-17.16.18:545][608]SourceControl: Info  1 file changed, 0 insertions(+), 0 deletions(-)
[2017.05.01-17.16.18:545][608]SourceControl: Info  create mode 100644 Content/Maps/ZachsTestLevel.umap
[2017.05.01-17.16.18:562][608]SourceControl: Info Commited [Zachary dee3d4e] I fixed my test level.  It was missing for some reason..
[2017.05.01-17.16.30:412][990]LogWindowsTextInputMethodSystem:Display: IME system now deactivated.
[2017.05.01-17.16.30:412][990]LogWindowsTextInputMethodSystem:Display: IME system now deactivated.
[2017.05.01-17.16.30:640][991]Cmd: QUIT_EDITOR
[2017.05.01-17.16.30:716][991]LogExit: Preparing to exit.
[2017.05.01-17.16.31:463][991]LogDirectoryWatcher: A directory notification for 'C:/Users/Admin/Desktop/INDIVIDUAL PROJECT/Elysian-Fields/Content/' was aborted.
[2017.05.01-17.16.31:502][991]LogExit: Editor shut down
[2017.05.01-17.16.31:503][991]LogExit: Transaction tracking system shut down
[2017.05.01-17.16.31:572][991]LogObj: Freed 0b from 0 cluster array pools.
[2017.05.01-17.16.31:572][991]LogExit: Object subsystem successfully closed.
[2017.05.01-17.16.31:598][991]LogD3D11RHI: Shutdown
[2017.05.01-17.16.31:599][991]LogD3D11RHI: CleanupD3DDevice
[2017.05.01-17.16.32:270][991]LogD3D11RHI: ~FD3D11DynamicRHI
[2017.05.01-17.16.32:287][991]LogModuleManager: Shutting down and abandoning module HierarchicalLODOutliner (496)
[2017.05.01-17.16.32:287][991]LogModuleManager: Shutting down and abandoning module CrashTracker (494)
[2017.05.01-17.16.32:287][991]LogModuleManager: Shutting down and abandoning module SceneOutliner (492)
[2017.05.01-17.16.32:287][991]LogModuleManager: Shutting down and abandoning module AddContentDialog (490)
[2017.05.01-17.16.32:287][991]LogDirectoryWatcher: A directory notification for 'C:/Program Files/Epic Games/UE_4.15/FeaturePacks/' was aborted.
[2017.05.01-17.16.32:288][991]LogModuleManager: Shutting down and abandoning module WidgetCarousel (489)
[2017.05.01-17.16.32:288][991]LogModuleManager: Shutting down and abandoning module EditorWidgets (486)
[2017.05.01-17.16.32:288][991]LogModuleManager: Shutting down and abandoning module CollectionManager (484)
[2017.05.01-17.16.32:288][991]LogDirectoryWatcher: A directory notification for 'C:/Users/Admin/Desktop/INDIVIDUAL PROJECT/Elysian-Fields/Content/Collections/' was aborted.
[2017.05.01-17.16.32:288][991]LogDirectoryWatcher: A directory notification for 'C:/Users/Admin/Desktop/INDIVIDUAL PROJECT/Elysian-Fields/Content/Developers/Admin/Collections/' was aborted.
[2017.05.01-17.16.32:288][991]LogDirectoryWatcher: A directory notification for 'C:/Users/Admin/Desktop/INDIVIDUAL PROJECT/Elysian-Fields/Saved/Collections/' was aborted.
[2017.05.01-17.16.32:288][991]LogModuleManager: Shutting down and abandoning module StatsViewer (482)
[2017.05.01-17.16.32:288][991]LogModuleManager: Shutting down and abandoning module FoliageEdit (480)
[2017.05.01-17.16.32:288][991]LogModuleManager: Shutting down and abandoning module LandscapeEditor (478)
[2017.05.01-17.16.32:288][991]LogModuleManager: Shutting down and abandoning module SceneDepthPickerMode (476)
[2017.05.01-17.16.32:288][991]LogModuleManager: Shutting down and abandoning module ActorPickerMode (474)
[2017.05.01-17.16.32:288][991]LogModuleManager: Shutting down and abandoning module GeometryMode (472)
[2017.05.01-17.16.32:288][991]LogModuleManager: Shutting down and abandoning module TextureAlignMode (470)
[2017.05.01-17.16.32:288][991]LogModuleManager: Shutting down and abandoning module BspMode (468)
[2017.05.01-17.16.32:288][991]LogModuleManager: Shutting down and abandoning module HardwareSurvey (466)
[2017.05.01-17.16.32:288][991]LogModuleManager: Shutting down and abandoning module SequenceRecorderSections (464)
[2017.05.01-17.16.32:288][991]LogModuleManager: Shutting down and abandoning module AutomationWorker (462)
[2017.05.01-17.16.32:288][991]LogModuleManager: Shutting down and abandoning module MatineeToLevelSequence (460)
[2017.05.01-17.16.32:288][991]LogModuleManager: Shutting down and abandoning module LevelSequenceEditor (458)
[2017.05.01-17.16.32:288][991]LogModuleManager: Shutting down and abandoning module PlacementMode (457)
[2017.05.01-17.16.32:288][991]LogModuleManager: Shutting down and abandoning module WmfMediaFactory (454)
[2017.05.01-17.16.32:288][991]LogModuleManager: Shutting down and abandoning module WmfMediaEditor (452)
[2017.05.01-17.16.32:288][991]LogModuleManager: Shutting down and abandoning module MfMediaFactory (450)
[2017.05.01-17.16.32:288][991]LogModuleManager: Shutting down and abandoning module MfMediaEditor (448)
[2017.05.01-17.16.32:288][991]LogModuleManager: Shutting down and abandoning module AvfMediaFactory (446)
[2017.05.01-17.16.32:288][991]LogModuleManager: Shutting down and abandoning module AvfMediaEditor (444)
[2017.05.01-17.16.32:288][991]LogModuleManager: Shutting down and abandoning module AndroidMediaFactory (442)
[2017.05.01-17.16.32:288][991]LogModuleManager: Shutting down and abandoning module Media (441)
[2017.05.01-17.16.32:288][991]LogModuleManager: Shutting down and abandoning module AndroidMediaEditor (438)
[2017.05.01-17.16.32:288][991]LogModuleManager: Shutting down and abandoning module CharacterAI (436)
[2017.05.01-17.16.32:288][991]LogModuleManager: Shutting down and abandoning module AudioCapture (434)
[2017.05.01-17.16.32:288][991]LogModuleManager: Shutting down and abandoning module SequenceRecorder (433)
[2017.05.01-17.16.32:288][991]LogModuleManager: Shutting down and abandoning module SmartSnapping (430)
[2017.05.01-17.16.32:288][991]LogModuleManager: Shutting down and abandoning module SessionServices (428)
[2017.05.01-17.16.32:288][991]LogModuleManager: Shutting down and abandoning module ViewportSnapping (426)
[2017.05.01-17.16.32:288][991]LogModuleManager: Shutting down and abandoning module ViewportInteraction (424)
[2017.05.01-17.16.32:288][991]LogModuleManager: Shutting down and abandoning module LogVisualizer (422)
[2017.05.01-17.16.32:289][991]LogModuleManager: Shutting down and abandoning module IntroTutorials (420)
[2017.05.01-17.16.32:289][991]LogModuleManager: Shutting down and abandoning module GameProjectGeneration (419)
[2017.05.01-17.16.32:289][991]LogModuleManager: Shutting down and abandoning module EditorLiveStreaming (416)
[2017.05.01-17.16.32:289][991]LogModuleManager: Shutting down and abandoning module IOSPlatformEditor (414)
[2017.05.01-17.16.32:289][991]LogModuleManager: Shutting down and abandoning module HTML5PlatformEditor (412)
[2017.05.01-17.16.32:289][991]LogModuleManager: Shutting down and abandoning module AndroidPlatformEditor (410)
[2017.05.01-17.16.32:289][991]LogModuleManager: Shutting down and abandoning module AndroidDeviceDetection (409)
[2017.05.01-17.16.32:850][991]LogModuleManager: Shutting down and abandoning module IOSRuntimeSettings (406)
[2017.05.01-17.16.32:850][991]LogModuleManager: Shutting down and abandoning module AndroidRuntimeSettings (404)
[2017.05.01-17.16.32:850][991]LogModuleManager: Shutting down and abandoning module InputBindingEditor (402)
[2017.05.01-17.16.32:850][991]LogModuleManager: Shutting down and abandoning module NiagaraEditor (400)
[2017.05.01-17.16.32:851][991]LogModuleManager: Shutting down and abandoning module MergeActors (398)
[2017.05.01-17.16.32:851][991]LogModuleManager: Shutting down and abandoning module SizeMap (396)
[2017.05.01-17.16.32:851][991]LogModuleManager: Shutting down and abandoning module TreeMap (394)
[2017.05.01-17.16.32:851][991]LogModuleManager: Shutting down and abandoning module ReferenceViewer (392)
[2017.05.01-17.16.32:851][991]LogModuleManager: Shutting down and abandoning module LocalizationDashboard (390)
[2017.05.01-17.16.32:851][991]LogModuleManager: Shutting down and abandoning module LocalizationService (389)
[2017.05.01-17.16.32:851][991]LogModuleManager: Shutting down and abandoning module HardwareTargeting (386)
[2017.05.01-17.16.32:851][991]LogModuleManager: Shutting down and abandoning module DeviceProfileEditor (384)
[2017.05.01-17.16.32:851][991]LogModuleManager: Shutting down and abandoning module UndoHistory (382)
[2017.05.01-17.16.32:851][991]LogModuleManager: Shutting down and abandoning module UserFeedback (380)
[2017.05.01-17.16.32:851][991]LogModuleManager: Shutting down and abandoning module XmlParser (378)
[2017.05.01-17.16.32:851][991]LogModuleManager: Shutting down and abandoning module Blutility (376)
[2017.05.01-17.16.32:851][991]LogModuleManager: Shutting down and abandoning module ProjectSettingsViewer (374)
[2017.05.01-17.16.32:852][991]LogModuleManager: Shutting down and abandoning module ProjectTargetPlatformEditor (373)
[2017.05.01-17.16.32:852][991]LogModuleManager: Shutting down and abandoning module EditorSettingsViewer (370)
[2017.05.01-17.16.32:852][991]LogModuleManager: Shutting down and abandoning module SettingsEditor (368)
[2017.05.01-17.16.32:852][991]LogModuleManager: Shutting down and abandoning module ProjectLauncher (366)
[2017.05.01-17.16.32:852][991]LogModuleManager: Shutting down and abandoning module SessionFrontend (364)
[2017.05.01-17.16.32:853][991]LogModuleManager: Shutting down and abandoning module ProfilerClient (362)
[2017.05.01-17.16.32:853][991]LogModuleManager: Shutting down and abandoning module DeviceManager (360)
[2017.05.01-17.16.32:853][991]LogModuleManager: Shutting down and abandoning module TargetDeviceServices (359)
[2017.05.01-17.16.32:906][991]LogModuleManager: Shutting down and abandoning module AutomationController (356)
[2017.05.01-17.16.32:906][991]LogModuleManager: Shutting down and abandoning module AutomationWindow (354)
[2017.05.01-17.16.32:906][991]LogModuleManager: Shutting down and abandoning module Layers (352)
[2017.05.01-17.16.32:906][991]LogModuleManager: Shutting down and abandoning module ComponentVisualizers (350)
[2017.05.01-17.16.32:906][991]LogModuleManager: Shutting down and abandoning module DetailCustomizations (348)
[2017.05.01-17.16.32:906][991]LogModuleManager: Shutting down and abandoning module PackagesDialog (346)
[2017.05.01-17.16.32:907][991]LogModuleManager: Shutting down and abandoning module Persona (344)
[2017.05.01-17.16.32:907][991]LogModuleManager: Shutting down and abandoning module AnimGraph (343)
[2017.05.01-17.16.32:907][991]LogModuleManager: Shutting down and abandoning module Kismet (340)
[2017.05.01-17.16.32:907][991]LogModuleManager: Shutting down and abandoning module GraphEditor (338)
[2017.05.01-17.16.32:907][991]LogModuleManager: Shutting down and abandoning module ClassViewer (336)
[2017.05.01-17.16.32:907][991]LogModuleManager: Shutting down and abandoning module Toolbox (334)
[2017.05.01-17.16.32:907][991]LogModuleManager: Shutting down and abandoning module ModuleUI (332)
[2017.05.01-17.16.32:907][991]LogModuleManager: Shutting down and abandoning module MovieSceneTools (330)
[2017.05.01-17.16.32:907][991]LogModuleManager: Shutting down and abandoning module OutputLog (328)
[2017.05.01-17.16.32:907][991]LogModuleManager: Shutting down and abandoning module GammaUI (326)
[2017.05.01-17.16.32:907][991]LogModuleManager: Shutting down and abandoning module Documentation (324)
[2017.05.01-17.16.32:907][991]LogModuleManager: Shutting down and abandoning module Niagara (322)
[2017.05.01-17.16.32:907][991]LogModuleManager: Shutting down and abandoning module StreamingPauseRendering (320)
[2017.05.01-17.16.32:907][991]LogModuleManager: Shutting down and abandoning module AnalyticsET (318)
[2017.05.01-17.16.32:907][991]LogModuleManager: Shutting down and abandoning module PortalServices (316)
[2017.05.01-17.16.32:907][991]LogModuleManager: Shutting down and abandoning module PortalRpc (314)
[2017.05.01-17.16.32:907][991]LogModuleManager: Shutting down and abandoning module MessagingRpc (312)
[2017.05.01-17.16.32:907][991]LogModuleManager: Shutting down and abandoning module AIModule (310)
[2017.05.01-17.16.32:907][991]LogModuleManager: Shutting down and abandoning module GameplayDebugger (309)
[2017.05.01-17.16.32:907][991]LogModuleManager: Shutting down and abandoning module AITestSuite (307)
[2017.05.01-17.16.32:907][991]LogModuleManager: Shutting down and abandoning module ProfilerService (304)
[2017.05.01-17.16.32:971][991]LogModuleManager: Shutting down and abandoning module TaskGraph (302)
[2017.05.01-17.16.32:971][991]LogModuleManager: Shutting down and abandoning module SteamVRController (300)
[2017.05.01-17.16.32:971][991]LogModuleManager: Shutting down and abandoning module SteamVR (298)
[2017.05.01-17.16.32:971][991]LogModuleManager: Shutting down and abandoning module ProceduralMeshComponentEditor (296)
[2017.05.01-17.16.32:971][991]LogModuleManager: Shutting down and abandoning module ProceduralMeshComponent (294)
[2017.05.01-17.16.32:971][991]LogModuleManager: Shutting down and abandoning module OculusLibrary (292)
[2017.05.01-17.16.32:971][991]LogModuleManager: Shutting down and abandoning module OculusInput (290)
[2017.05.01-17.16.32:971][991]LogModuleManager: Shutting down and abandoning module MobilePatchingUtils (288)
[2017.05.01-17.16.32:971][991]LogModuleManager: Shutting down and abandoning module CustomMeshComponent (286)
[2017.05.01-17.16.32:971][991]LogModuleManager: Shutting down and abandoning module CableComponent (284)
[2017.05.01-17.16.32:971][991]LogModuleManager: Shutting down and abandoning module ArchVisCharacter (282)
[2017.05.01-17.16.32:971][991]LogModuleManager: Shutting down and abandoning module MediaPlayerEditor (278)
[2017.05.01-17.16.32:971][991]LogModuleManager: Shutting down and abandoning module HTML5Networking (276)
[2017.05.01-17.16.32:971][991]LogModuleManager: Shutting down and abandoning module AlembicImporter (274)
[2017.05.01-17.16.32:971][991]LogModuleManager: Shutting down and abandoning module AlembicLibrary (273)
[2017.05.01-17.16.32:971][991]LogModuleManager: Shutting down and abandoning module GeometryCache (272)
[2017.05.01-17.16.32:971][991]LogModuleManager: Shutting down and abandoning module GeometryCacheEd (271)
[2017.05.01-17.16.32:971][991]LogModuleManager: Shutting down and abandoning module SuperSearchEditor (266)
[2017.05.01-17.16.32:971][991]LogModuleManager: Shutting down and abandoning module SuperSearch (265)
[2017.05.01-17.16.32:971][991]LogModuleManager: Shutting down and abandoning module SpeedTreeImporter (262)
[2017.05.01-17.16.32:971][991]LogModuleManager: Shutting down and abandoning module PluginBrowser (260)
[2017.05.01-17.16.32:972][991]LogModuleManager: Shutting down and abandoning module MobileLauncherProfileWizard (258)
[2017.05.01-17.16.32:972][991]LogModuleManager: Shutting down and abandoning module EpicSurvey (256)
[2017.05.01-17.16.32:972][991]LogModuleManager: Shutting down and abandoning module VisualStudioSourceCodeAccess (254)
[2017.05.01-17.16.32:972][991]LogModuleManager: Shutting down and abandoning module DesktopPlatform (253)
[2017.05.01-17.16.32:972][991]LogModuleManager: Shutting down and abandoning module UObjectPlugin (250)
[2017.05.01-17.16.32:972][991]LogModuleManager: Shutting down and abandoning module SubversionSourceControl (248)
[2017.05.01-17.16.32:972][991]LogModuleManager: Shutting down and abandoning module PerforceSourceControl (246)
[2017.05.01-17.16.32:972][991]LogModuleManager: Shutting down and abandoning module GitSourceControl (244)
[2017.05.01-17.16.32:972][991]LogModuleManager: Shutting down and abandoning module SourceControl (243)
[2017.05.01-17.16.32:972][991]LogModuleManager: Shutting down and abandoning module LightPropagationVolumeEditor (240)
[2017.05.01-17.16.32:972][991]LogModuleManager: Shutting down and abandoning module PaperTiledImporter (238)
[2017.05.01-17.16.32:972][991]LogModuleManager: Shutting down and abandoning module PaperSpriteSheetImporter (236)
[2017.05.01-17.16.32:972][991]LogModuleManager: Shutting down and abandoning module Paper2DEditor (234)
[2017.05.01-17.16.32:972][991]LogModuleManager: Shutting down and abandoning module MeshPaint (233)
[2017.05.01-17.16.32:972][991]LogModuleManager: Shutting down and abandoning module LevelEditor (231)
[2017.05.01-17.16.32:973][991]LogModuleManager: Shutting down and abandoning module PixelInspectorModule (230)
[2017.05.01-17.16.32:973][991]LogModuleManager: Shutting down and abandoning module MainFrame (228)
[2017.05.01-17.16.32:973][991]LogModuleManager: Shutting down and abandoning module HotReload (227)
[2017.05.01-17.16.32:974][991]LogModuleManager: Shutting down and abandoning module ContentBrowser (223)
[2017.05.01-17.16.32:976][991]LogModuleManager: Shutting down and abandoning module PhysXVehiclesEditor (220)
[2017.05.01-17.16.32:976][991]LogModuleManager: Shutting down and abandoning module PhysXVehicles (218)
[2017.05.01-17.16.32:976][991]LogModuleManager: Shutting down and abandoning module LocationServicesBPLibrary (216)
[2017.05.01-17.16.32:976][991]LogModuleManager: Shutting down and abandoning module UdpMessaging (214)
[2017.05.01-17.16.33:076][991]LogModuleManager: Shutting down and abandoning module TcpMessaging (212)
[2017.05.01-17.16.33:176][991]LogModuleManager: Shutting down and abandoning module GameplayTagsEditor (210)
[2017.05.01-17.16.33:176][991]LogModuleManager: Shutting down and abandoning module FacialAnimationEditor (208)
[2017.05.01-17.16.33:176][991]LogModuleManager: Shutting down and abandoning module FacialAnimation (206)
[2017.05.01-17.16.33:176][991]LogModuleManager: Shutting down and abandoning module LightPropagationVolumeRuntime (204)
[2017.05.01-17.16.33:176][991]LogModuleManager: Shutting down and abandoning module Paper2D (202)
[2017.05.01-17.16.33:176][991]LogModuleManager: Shutting down and abandoning module WindowsMoviePlayer (200)
[2017.05.01-17.16.33:176][991]LogModuleManager: Shutting down and abandoning module WmfMedia (198)
[2017.05.01-17.16.33:177][991]LogModuleManager: Shutting down and abandoning module MfMedia (196)
[2017.05.01-17.16.33:177][991]LogModuleManager: Shutting down and abandoning module MediaAssets (194)
[2017.05.01-17.16.33:177][991]LogModuleManager: Shutting down and abandoning module GameLiveStreaming (192)
[2017.05.01-17.16.33:177][991]LogModuleManager: Shutting down and abandoning module VREditor (190)
[2017.05.01-17.16.33:177][991]LogModuleManager: Shutting down and abandoning module GameplayTasksEditor (188)
[2017.05.01-17.16.33:177][991]LogModuleManager: Shutting down and abandoning module BehaviorTreeEditor (186)
[2017.05.01-17.16.33:177][991]LogModuleManager: Shutting down and abandoning module FunctionalTesting (184)
[2017.05.01-17.16.33:177][991]LogModuleManager: Shutting down and abandoning module CollisionAnalyzer (182)
[2017.05.01-17.16.33:177][991]LogModuleManager: Shutting down and abandoning module UMG (180)
[2017.05.01-17.16.33:178][991]LogModuleManager: Shutting down and abandoning module UMGEditor (179)
[2017.05.01-17.16.33:178][991]LogModuleManager: Shutting down and abandoning module Sequencer (178)
[2017.05.01-17.16.33:178][991]LogModuleManager: Shutting down and abandoning module AssetTools (176)
[2017.05.01-17.16.33:178][991]LogModuleManager: Shutting down and abandoning module MessageLog (175)
[2017.05.01-17.16.33:178][991]LogModuleManager: Shutting down and abandoning module WorkspaceMenuStructure (174)
[2017.05.01-17.16.33:179][991]LogModuleManager: Shutting down and abandoning module SlateReflector (168)
[2017.05.01-17.16.33:179][991]LogModuleManager: Shutting down and abandoning module Slate (166)
[2017.05.01-17.16.33:179][991]LogModuleManager: Shutting down and abandoning module EditorStyle (164)
[2017.05.01-17.16.33:192][991]LogModuleManager: Shutting down and abandoning module SourceCodeAccess (162)
[2017.05.01-17.16.33:192][991]LogModuleManager: Shutting down and abandoning module HeadMountedDisplay (160)
[2017.05.01-17.16.33:192][991]LogModuleManager: Shutting down and abandoning module XAudio2 (158)
[2017.05.01-17.16.33:192][991]LogModuleManager: Shutting down and abandoning module Networking (156)
[2017.05.01-17.16.33:193][991]LogModuleManager: Shutting down and abandoning module Core (152)
[2017.05.01-17.16.33:193][991]LogModuleManager: Shutting down and abandoning module AssetRegistry (150)
[2017.05.01-17.16.33:365][991]LogDirectoryWatcher: A directory notification for '../../../Engine/Content/' was aborted.
[2017.05.01-17.16.33:365][991]LogDirectoryWatcher: A directory notification for '../../../../../../Users/Admin/Desktop/INDIVIDUAL PROJECT/Elysian-Fields/Content/' was aborted.
[2017.05.01-17.16.33:366][991]LogDirectoryWatcher: A directory notification for '../../../Engine/Plugins/2D/Paper2D/Content/' was aborted.
[2017.05.01-17.16.33:366][991]LogModuleManager: Shutting down and abandoning module DirectoryWatcher (149)
[2017.05.01-17.16.33:366][991]LogModuleManager: Shutting down and abandoning module KismetCompiler (146)
[2017.05.01-17.16.33:366][991]LogModuleManager: Shutting down and abandoning module PhysXFormats (144)
[2017.05.01-17.16.33:366][991]LogModuleManager: Shutting down and abandoning module MeshUtilities (142)
[2017.05.01-17.16.33:366][991]LogModuleManager: Shutting down and abandoning module SimplygonSwarm (141)
[2017.05.01-17.16.33:366][991]LogModuleManager: Shutting down and abandoning module SimplygonMeshReduction (139)
[2017.05.01-17.16.33:366][991]LogModuleManager: Shutting down and abandoning module QuadricMeshReduction (137)
[2017.05.01-17.16.33:366][991]LogModuleManager: Shutting down and abandoning module PropertyEditor (135)
[2017.05.01-17.16.33:366][991]LogModuleManager: Shutting down and abandoning module DerivedDataCache (132)
[2017.05.01-17.16.33:751][991]LogDerivedDataCache: Shutdown
[2017.05.01-17.16.33:751][991]LogModuleManager: Shutting down and abandoning module TargetPlatform (130)
[2017.05.01-17.16.33:751][991]LogModuleManager: Shutting down and abandoning module VulkanShaderFormat (129)
[2017.05.01-17.16.33:751][991]LogModuleManager: Shutting down and abandoning module ShaderFormatOpenGL (127)
[2017.05.01-17.16.33:751][991]LogModuleManager: Shutting down and abandoning module ShaderFormatD3D (125)
[2017.05.01-17.16.33:751][991]LogModuleManager: Shutting down and abandoning module MetalShaderFormat (123)
[2017.05.01-17.16.33:752][991]LogModuleManager: Shutting down and abandoning module TextureFormatUncompressed (121)
[2017.05.01-17.16.33:752][991]LogModuleManager: Shutting down and abandoning module TextureFormatPVR (119)
[2017.05.01-17.16.33:752][991]LogModuleManager: Shutting down and abandoning module TextureFormatDXT (117)
[2017.05.01-17.16.33:752][991]LogModuleManager: Shutting down and abandoning module TextureFormatIntelISPCTexComp (115)
[2017.05.01-17.16.33:752][991]LogModuleManager: Shutting down and abandoning module TextureFormatASTC (113)
[2017.05.01-17.16.33:752][991]LogModuleManager: Shutting down and abandoning module ImageWrapper (112)
[2017.05.01-17.16.33:752][991]LogModuleManager: Shutting down and abandoning module TextureFormatAndroid (109)
[2017.05.01-17.16.33:752][991]LogModuleManager: Shutting down and abandoning module AudioFormatOpus (107)
[2017.05.01-17.16.33:752][991]LogModuleManager: Shutting down and abandoning module AudioFormatOgg (105)
[2017.05.01-17.16.33:752][991]LogModuleManager: Shutting down and abandoning module AudioFormatADPCM (103)
[2017.05.01-17.16.33:752][991]LogModuleManager: Shutting down and abandoning module LinuxTargetPlatform (101)
[2017.05.01-17.16.33:752][991]LogModuleManager: Shutting down and abandoning module LinuxServerTargetPlatform (99)
[2017.05.01-17.16.33:752][991]LogModuleManager: Shutting down and abandoning module LinuxNoEditorTargetPlatform (97)
[2017.05.01-17.16.33:752][991]LogModuleManager: Shutting down and abandoning module LinuxClientTargetPlatform (95)
[2017.05.01-17.16.33:753][991]LogModuleManager: Shutting down and abandoning module TVOSTargetPlatform (93)
[2017.05.01-17.16.33:753][991]LogModuleManager: Shutting down and abandoning module Messaging (91)
[2017.05.01-17.16.33:753][991]LogModuleManager: Shutting down and abandoning module IOSTargetPlatform (89)
[2017.05.01-17.16.33:753][991]LogModuleManager: Shutting down and abandoning module HTML5TargetPlatform (87)
[2017.05.01-17.16.33:753][991]LogModuleManager: Shutting down and abandoning module Android_PVRTCTargetPlatform (85)
[2017.05.01-17.16.33:753][991]LogModuleManager: Shutting down and abandoning module Android_MultiTargetPlatform (83)
[2017.05.01-17.16.33:753][991]LogModuleManager: Shutting down and abandoning module Android_ETC2TargetPlatform (81)
[2017.05.01-17.16.33:753][991]LogModuleManager: Shutting down and abandoning module Android_ETC1TargetPlatform (79)
[2017.05.01-17.16.33:753][991]LogModuleManager: Shutting down and abandoning module Android_DXTTargetPlatform (77)
[2017.05.01-17.16.33:753][991]LogModuleManager: Shutting down and abandoning module Android_ATCTargetPlatform (75)
[2017.05.01-17.16.33:753][991]LogModuleManager: Shutting down and abandoning module Android_ASTCTargetPlatform (73)
[2017.05.01-17.16.33:753][991]LogModuleManager: Shutting down and abandoning module AndroidTargetPlatform (71)
[2017.05.01-17.16.33:753][991]LogModuleManager: Shutting down and abandoning module WindowsTargetPlatform (69)
[2017.05.01-17.16.33:753][991]LogModuleManager: Shutting down and abandoning module WindowsServerTargetPlatform (67)
[2017.05.01-17.16.33:753][991]LogModuleManager: Shutting down and abandoning module WindowsNoEditorTargetPlatform (65)
[2017.05.01-17.16.33:753][991]LogModuleManager: Shutting down and abandoning module WindowsClientTargetPlatform (63)
[2017.05.01-17.16.33:753][991]LogModuleManager: Shutting down and abandoning module MacTargetPlatform (61)
[2017.05.01-17.16.33:753][991]LogModuleManager: Shutting down and abandoning module MacServerTargetPlatform (59)
[2017.05.01-17.16.33:753][991]LogModuleManager: Shutting down and abandoning module MacNoEditorTargetPlatform (57)
[2017.05.01-17.16.33:753][991]LogModuleManager: Shutting down and abandoning module MacClientTargetPlatform (55)
[2017.05.01-17.16.33:753][991]LogModuleManager: Shutting down and abandoning module AllDesktopTargetPlatform (53)
[2017.05.01-17.16.33:753][991]LogModuleManager: Shutting down and abandoning module InputCore (50)
[2017.05.01-17.16.33:753][991]LogModuleManager: Shutting down and abandoning module Settings (48)
[2017.05.01-17.16.33:753][991]LogModuleManager: Shutting down and abandoning module OculusRift (46)
[2017.05.01-17.16.33:753][991]LogModuleManager: Shutting down and abandoning module ExampleDeviceProfileSelector (44)
[2017.05.01-17.16.33:753][991]LogModuleManager: Shutting down and abandoning module OnlineBlueprintSupport (42)
[2017.05.01-17.16.33:754][991]LogModuleManager: Shutting down and abandoning module OnlineSubsystem (38)
[2017.05.01-17.16.33:754][991]LogOnline:Display: Unloading online subsystem: NULL
[2017.05.01-17.16.33:754][991]LogModuleManager: Shutting down and abandoning module XMPP (37)
[2017.05.01-17.16.33:754][991]LogModuleManager: Shutting down and abandoning module HTTP (35)
[2017.05.01-17.16.33:754][991]LogHttp:Display: Http module shutting down, but needs to wait on 1 outstanding Http requests:
[2017.05.01-17.16.33:754][991]LogHttp:Display: 	verb=[POST] url=[https://datarouter.ol.epicgames.com/datarouter/api/v1/public/data?SessionID=%7B592D60ED-47C1-5BB6-260B-7094D24EEB96%7D&AppID=UEEditor.Rocket.Release&AppVersion=4.15.0-3299760%2B%2B%2BUE4%2BRelease-4.15&UserID=615213704631178dd04d0999a268df1b%7Ca77c0d90b4934771b6a39c2a1d1b4309%7C966d16f9-14dc-4041-a4c1-77eb3d9e6e59&AppEnvironment=datacollector-binary&UploadType=eteventstream] status=Processing
[2017.05.01-17.16.33:783][991]LogModuleManager: Shutting down and abandoning module SSL (34)
[2017.05.01-17.16.33:789][991]LogModuleManager: Shutting down and abandoning module AudioEditor (30)
[2017.05.01-17.16.33:789][991]LogModuleManager: Shutting down and abandoning module TextureCompressor (28)
[2017.05.01-17.16.33:789][991]LogModuleManager: Shutting down and abandoning module ShaderCore (26)
[2017.05.01-17.16.33:789][991]LogModuleManager: Shutting down and abandoning module Landscape (24)
[2017.05.01-17.16.33:789][991]LogModuleManager: Shutting down and abandoning module SlateRHIRenderer (22)
[2017.05.01-17.16.33:793][991]LogModuleManager: Shutting down and abandoning module OpenGLDrv (20)
[2017.05.01-17.16.33:793][991]LogModuleManager: Shutting down and abandoning module D3D11RHI (18)
[2017.05.01-17.16.33:793][991]LogModuleManager: Shutting down and abandoning module AnimGraphRuntime (16)
[2017.05.01-17.16.33:793][991]LogModuleManager: Shutting down and abandoning module Renderer (14)
[2017.05.01-17.16.33:793][991]LogModuleManager: Shutting down and abandoning module Engine (12)
[2017.05.01-17.16.33:793][991]LogModuleManager: Shutting down and abandoning module CoreUObject (10)
[2017.05.01-17.16.33:793][991]LogModuleManager: Shutting down and abandoning module NetworkFile (8)
[2017.05.01-17.16.33:793][991]LogModuleManager: Shutting down and abandoning module StreamingFile (6)
[2017.05.01-17.16.33:793][991]LogModuleManager: Shutting down and abandoning module SandboxFile (4)
[2017.05.01-17.16.33:793][991]LogModuleManager: Shutting down and abandoning module PakFile (2)
[2017.05.01-17.16.33:797][991]LogExit: Exiting.
[2017.05.01-17.16.33:831][991]Log file closed, 05/01/17 10:16:33
